<?xml version="1.0" encoding="UTF-8"?>
<testsuite xmlns:xsi="http://www.w3.org/2001/XMLSchema-instance" xsi:noNamespaceSchemaLocation="https://maven.apache.org/surefire/maven-surefire-plugin/xsd/surefire-test-report.xsd" name="com.webcheckers.model.PlayerTest" time="0" tests="1" errors="0" skipped="0" failures="0">
  <properties>
    <property name="java.specification.version" value="17"/>
    <property name="sun.jnu.encoding" value="UTF-8"/>
    <property name="java.class.path" value="/Users/shubhamkarun/Documents/SWEN-610 Web-Checkers Project/term-project-2211-swen610-01-team-2-rhinodonkey/target/test-classes:/Users/shubhamkarun/Documents/SWEN-610 Web-Checkers Project/term-project-2211-swen610-01-team-2-rhinodonkey/target/classes:/Users/shubhamkarun/.m2/repository/com/sparkjava/spark-core/2.7.2/spark-core-2.7.2.jar:/Users/shubhamkarun/.m2/repository/org/slf4j/slf4j-api/1.7.13/slf4j-api-1.7.13.jar:/Users/shubhamkarun/.m2/repository/org/eclipse/jetty/jetty-server/9.4.8.v20171121/jetty-server-9.4.8.v20171121.jar:/Users/shubhamkarun/.m2/repository/javax/servlet/javax.servlet-api/3.1.0/javax.servlet-api-3.1.0.jar:/Users/shubhamkarun/.m2/repository/org/eclipse/jetty/jetty-http/9.4.8.v20171121/jetty-http-9.4.8.v20171121.jar:/Users/shubhamkarun/.m2/repository/org/eclipse/jetty/jetty-util/9.4.8.v20171121/jetty-util-9.4.8.v20171121.jar:/Users/shubhamkarun/.m2/repository/org/eclipse/jetty/jetty-io/9.4.8.v20171121/jetty-io-9.4.8.v20171121.jar:/Users/shubhamkarun/.m2/repository/org/eclipse/jetty/jetty-webapp/9.4.8.v20171121/jetty-webapp-9.4.8.v20171121.jar:/Users/shubhamkarun/.m2/repository/org/eclipse/jetty/jetty-xml/9.4.8.v20171121/jetty-xml-9.4.8.v20171121.jar:/Users/shubhamkarun/.m2/repository/org/eclipse/jetty/jetty-servlet/9.4.8.v20171121/jetty-servlet-9.4.8.v20171121.jar:/Users/shubhamkarun/.m2/repository/org/eclipse/jetty/jetty-security/9.4.8.v20171121/jetty-security-9.4.8.v20171121.jar:/Users/shubhamkarun/.m2/repository/org/eclipse/jetty/websocket/websocket-server/9.4.8.v20171121/websocket-server-9.4.8.v20171121.jar:/Users/shubhamkarun/.m2/repository/org/eclipse/jetty/websocket/websocket-common/9.4.8.v20171121/websocket-common-9.4.8.v20171121.jar:/Users/shubhamkarun/.m2/repository/org/eclipse/jetty/websocket/websocket-client/9.4.8.v20171121/websocket-client-9.4.8.v20171121.jar:/Users/shubhamkarun/.m2/repository/org/eclipse/jetty/jetty-client/9.4.8.v20171121/jetty-client-9.4.8.v20171121.jar:/Users/shubhamkarun/.m2/repository/org/eclipse/jetty/websocket/websocket-servlet/9.4.8.v20171121/websocket-servlet-9.4.8.v20171121.jar:/Users/shubhamkarun/.m2/repository/org/eclipse/jetty/websocket/websocket-api/9.4.8.v20171121/websocket-api-9.4.8.v20171121.jar:/Users/shubhamkarun/.m2/repository/com/sparkjava/spark-template-freemarker/2.7.1/spark-template-freemarker-2.7.1.jar:/Users/shubhamkarun/.m2/repository/org/freemarker/freemarker/2.3.28/freemarker-2.3.28.jar:/Users/shubhamkarun/.m2/repository/com/google/code/gson/gson/2.8.5/gson-2.8.5.jar:/Users/shubhamkarun/.m2/repository/org/slf4j/slf4j-simple/1.7.25/slf4j-simple-1.7.25.jar:/Users/shubhamkarun/.m2/repository/org/junit/jupiter/junit-jupiter-api/5.3.0/junit-jupiter-api-5.3.0.jar:/Users/shubhamkarun/.m2/repository/org/apiguardian/apiguardian-api/1.0.0/apiguardian-api-1.0.0.jar:/Users/shubhamkarun/.m2/repository/org/opentest4j/opentest4j/1.1.0/opentest4j-1.1.0.jar:/Users/shubhamkarun/.m2/repository/org/junit/platform/junit-platform-commons/1.3.0/junit-platform-commons-1.3.0.jar:/Users/shubhamkarun/.m2/repository/org/junit/jupiter/junit-jupiter-engine/5.3.0/junit-jupiter-engine-5.3.0.jar:/Users/shubhamkarun/.m2/repository/org/junit/platform/junit-platform-engine/1.3.0/junit-platform-engine-1.3.0.jar:/Users/shubhamkarun/.m2/repository/org/mockito/mockito-core/2.22.0/mockito-core-2.22.0.jar:/Users/shubhamkarun/.m2/repository/net/bytebuddy/byte-buddy/1.8.21/byte-buddy-1.8.21.jar:/Users/shubhamkarun/.m2/repository/net/bytebuddy/byte-buddy-agent/1.8.21/byte-buddy-agent-1.8.21.jar:/Users/shubhamkarun/.m2/repository/org/objenesis/objenesis/2.6/objenesis-2.6.jar:"/>
    <property name="java.vm.vendor" value="Homebrew"/>
    <property name="sun.arch.data.model" value="64"/>
    <property name="java.vendor.url" value="https://github.com/Homebrew/homebrew-core/issues"/>
    <property name="os.name" value="Mac OS X"/>
    <property name="java.vm.specification.version" value="17"/>
    <property name="sun.java.launcher" value="SUN_STANDARD"/>
    <property name="user.country" value="GB"/>
    <property name="sun.boot.library.path" value="/opt/homebrew/Cellar/openjdk/16.0.2/libexec/openjdk.jdk/Contents/Home/lib"/>
    <property name="sun.java.command" value="/Users/shubhamkarun/Documents/SWEN-610 Web-Checkers Project/term-project-2211-swen610-01-team-2-rhinodonkey/target/surefire/surefirebooter5668043956445177442.jar /Users/shubhamkarun/Documents/SWEN-610 Web-Checkers Project/term-project-2211-swen610-01-team-2-rhinodonkey/target/surefire 2021-10-20T18-38-12_372-jvmRun1 surefire16444228849533237821tmp surefire_08056978941786249926tmp"/>
    <property name="http.nonProxyHosts" value="local|*.local|169.254/16|*.169.254/16"/>
    <property name="jdk.debug" value="release"/>
    <property name="surefire.test.class.path" value="/Users/shubhamkarun/Documents/SWEN-610 Web-Checkers Project/term-project-2211-swen610-01-team-2-rhinodonkey/target/test-classes:/Users/shubhamkarun/Documents/SWEN-610 Web-Checkers Project/term-project-2211-swen610-01-team-2-rhinodonkey/target/classes:/Users/shubhamkarun/.m2/repository/com/sparkjava/spark-core/2.7.2/spark-core-2.7.2.jar:/Users/shubhamkarun/.m2/repository/org/slf4j/slf4j-api/1.7.13/slf4j-api-1.7.13.jar:/Users/shubhamkarun/.m2/repository/org/eclipse/jetty/jetty-server/9.4.8.v20171121/jetty-server-9.4.8.v20171121.jar:/Users/shubhamkarun/.m2/repository/javax/servlet/javax.servlet-api/3.1.0/javax.servlet-api-3.1.0.jar:/Users/shubhamkarun/.m2/repository/org/eclipse/jetty/jetty-http/9.4.8.v20171121/jetty-http-9.4.8.v20171121.jar:/Users/shubhamkarun/.m2/repository/org/eclipse/jetty/jetty-util/9.4.8.v20171121/jetty-util-9.4.8.v20171121.jar:/Users/shubhamkarun/.m2/repository/org/eclipse/jetty/jetty-io/9.4.8.v20171121/jetty-io-9.4.8.v20171121.jar:/Users/shubhamkarun/.m2/repository/org/eclipse/jetty/jetty-webapp/9.4.8.v20171121/jetty-webapp-9.4.8.v20171121.jar:/Users/shubhamkarun/.m2/repository/org/eclipse/jetty/jetty-xml/9.4.8.v20171121/jetty-xml-9.4.8.v20171121.jar:/Users/shubhamkarun/.m2/repository/org/eclipse/jetty/jetty-servlet/9.4.8.v20171121/jetty-servlet-9.4.8.v20171121.jar:/Users/shubhamkarun/.m2/repository/org/eclipse/jetty/jetty-security/9.4.8.v20171121/jetty-security-9.4.8.v20171121.jar:/Users/shubhamkarun/.m2/repository/org/eclipse/jetty/websocket/websocket-server/9.4.8.v20171121/websocket-server-9.4.8.v20171121.jar:/Users/shubhamkarun/.m2/repository/org/eclipse/jetty/websocket/websocket-common/9.4.8.v20171121/websocket-common-9.4.8.v20171121.jar:/Users/shubhamkarun/.m2/repository/org/eclipse/jetty/websocket/websocket-client/9.4.8.v20171121/websocket-client-9.4.8.v20171121.jar:/Users/shubhamkarun/.m2/repository/org/eclipse/jetty/jetty-client/9.4.8.v20171121/jetty-client-9.4.8.v20171121.jar:/Users/shubhamkarun/.m2/repository/org/eclipse/jetty/websocket/websocket-servlet/9.4.8.v20171121/websocket-servlet-9.4.8.v20171121.jar:/Users/shubhamkarun/.m2/repository/org/eclipse/jetty/websocket/websocket-api/9.4.8.v20171121/websocket-api-9.4.8.v20171121.jar:/Users/shubhamkarun/.m2/repository/com/sparkjava/spark-template-freemarker/2.7.1/spark-template-freemarker-2.7.1.jar:/Users/shubhamkarun/.m2/repository/org/freemarker/freemarker/2.3.28/freemarker-2.3.28.jar:/Users/shubhamkarun/.m2/repository/com/google/code/gson/gson/2.8.5/gson-2.8.5.jar:/Users/shubhamkarun/.m2/repository/org/slf4j/slf4j-simple/1.7.25/slf4j-simple-1.7.25.jar:/Users/shubhamkarun/.m2/repository/org/junit/jupiter/junit-jupiter-api/5.3.0/junit-jupiter-api-5.3.0.jar:/Users/shubhamkarun/.m2/repository/org/apiguardian/apiguardian-api/1.0.0/apiguardian-api-1.0.0.jar:/Users/shubhamkarun/.m2/repository/org/opentest4j/opentest4j/1.1.0/opentest4j-1.1.0.jar:/Users/shubhamkarun/.m2/repository/org/junit/platform/junit-platform-commons/1.3.0/junit-platform-commons-1.3.0.jar:/Users/shubhamkarun/.m2/repository/org/junit/jupiter/junit-jupiter-engine/5.3.0/junit-jupiter-engine-5.3.0.jar:/Users/shubhamkarun/.m2/repository/org/junit/platform/junit-platform-engine/1.3.0/junit-platform-engine-1.3.0.jar:/Users/shubhamkarun/.m2/repository/org/mockito/mockito-core/2.22.0/mockito-core-2.22.0.jar:/Users/shubhamkarun/.m2/repository/net/bytebuddy/byte-buddy/1.8.21/byte-buddy-1.8.21.jar:/Users/shubhamkarun/.m2/repository/net/bytebuddy/byte-buddy-agent/1.8.21/byte-buddy-agent-1.8.21.jar:/Users/shubhamkarun/.m2/repository/org/objenesis/objenesis/2.6/objenesis-2.6.jar:"/>
    <property name="sun.cpu.endian" value="little"/>
    <property name="user.home" value="/Users/shubhamkarun"/>
    <property name="user.language" value="en"/>
    <property name="java.specification.vendor" value="Oracle Corporation"/>
    <property name="java.version.date" value="2021-09-14"/>
    <property name="java.home" value="/opt/homebrew/Cellar/openjdk/16.0.2/libexec/openjdk.jdk/Contents/Home"/>
    <property name="file.separator" value="/"/>
    <property name="basedir" value="/Users/shubhamkarun/Documents/SWEN-610 Web-Checkers Project/term-project-2211-swen610-01-team-2-rhinodonkey"/>
    <property name="java.vm.compressedOopsMode" value="Zero based"/>
    <property name="line.separator" value="&#10;"/>
    <property name="java.specification.name" value="Java Platform API Specification"/>
    <property name="java.vm.specification.vendor" value="Oracle Corporation"/>
    <property name="surefire.real.class.path" value="/Users/shubhamkarun/Documents/SWEN-610 Web-Checkers Project/term-project-2211-swen610-01-team-2-rhinodonkey/target/surefire/surefirebooter5668043956445177442.jar"/>
    <property name="sun.management.compiler" value="HotSpot 64-Bit Tiered Compilers"/>
    <property name="ftp.nonProxyHosts" value="local|*.local|169.254/16|*.169.254/16"/>
    <property name="java.runtime.version" value="17+0"/>
    <property name="user.name" value="shubhamkarun"/>
    <property name="path.separator" value=":"/>
    <property name="os.version" value="11.3.1"/>
    <property name="java.runtime.name" value="OpenJDK Runtime Environment"/>
    <property name="file.encoding" value="UTF-8"/>
    <property name="java.vm.name" value="OpenJDK 64-Bit Server VM"/>
    <property name="java.vendor.version" value="Homebrew"/>
    <property name="localRepository" value="/Users/shubhamkarun/.m2/repository"/>
    <property name="java.vendor.url.bug" value="https://github.com/Homebrew/homebrew-core/issues"/>
    <property name="java.io.tmpdir" value="/var/folders/kt/xqwc99p52n31n5mf__nlpbr00000gn/T/"/>
    <property name="java.version" value="17"/>
    <property name="user.dir" value="/Users/shubhamkarun/Documents/SWEN-610 Web-Checkers Project/term-project-2211-swen610-01-team-2-rhinodonkey"/>
    <property name="os.arch" value="aarch64"/>
    <property name="java.vm.specification.name" value="Java Virtual Machine Specification"/>
    <property name="native.encoding" value="UTF-8"/>
    <property name="java.library.path" value="/Users/shubhamkarun/Library/Java/Extensions:/Library/Java/Extensions:/Network/Library/Java/Extensions:/System/Library/Java/Extensions:/usr/lib/java:."/>
    <property name="java.vm.info" value="mixed mode"/>
    <property name="java.vendor" value="Homebrew"/>
    <property name="java.vm.version" value="17+0"/>
    <property name="sun.io.unicode.encoding" value="UnicodeBig"/>
    <property name="socksNonProxyHosts" value="local|*.local|169.254/16|*.169.254/16"/>
    <property name="java.class.version" value="61.0"/>
  </properties>
  <testcase name="getName" classname="com.webcheckers.model.PlayerTest" time="0"/>
</testsuite>